Build started 5/21/2015 4:56:01 PM.
     1>Project "C:\Users\yehia\Documents\Visual Studio 2013\Projects\dig project 2\dig project 2.vcxproj" on node 2 (Build target(s)).
     1>ClCompile:
         C:\Program Files (x86)\Microsoft Visual Studio 12.0\VC\bin\CL.exe /c /ZI /nologo /W3 /WX- /sdl /Od /Oy- /D _MBCS /Gm /EHsc /RTC1 /MDd /GS /fp:precise /Zc:wchar_t /Zc:forScope /Fo"Debug\\" /Fd"Debug\vc120.pdb" /Gd /TP /analyze- /errorReport:prompt StatTiAnimp.cpp
         StatTiAnimp.cpp
     1>c:\users\yehia\documents\visual studio 2013\projects\dig project 2\stattianimp.cpp(221): warning C4018: '<' : signed/unsigned mismatch
     1>c:\users\yehia\documents\visual studio 2013\projects\dig project 2\stattianimp.cpp(229): warning C4018: '<' : signed/unsigned mismatch
     1>c:\users\yehia\documents\visual studio 2013\projects\dig project 2\stattianimp.cpp(243): warning C4018: '<' : signed/unsigned mismatch
     1>c:\users\yehia\documents\visual studio 2013\projects\dig project 2\stattianimp.cpp(248): warning C4018: '<' : signed/unsigned mismatch
     1>c:\users\yehia\documents\visual studio 2013\projects\dig project 2\stattianimp.cpp(253): warning C4018: '<' : signed/unsigned mismatch
     1>c:\users\yehia\documents\visual studio 2013\projects\dig project 2\stattianimp.cpp(257): warning C4018: '<' : signed/unsigned mismatch
     1>c:\users\yehia\documents\visual studio 2013\projects\dig project 2\stattianimp.cpp(272): warning C4018: '<' : signed/unsigned mismatch
     1>c:\users\yehia\documents\visual studio 2013\projects\dig project 2\stattianimp.cpp(286): warning C4018: '<' : signed/unsigned mismatch
     1>c:\users\yehia\documents\visual studio 2013\projects\dig project 2\stattianimp.cpp(347): warning C4018: '<' : signed/unsigned mismatch
     1>c:\users\yehia\documents\visual studio 2013\projects\dig project 2\stattianimp.cpp(373): warning C4018: '<' : signed/unsigned mismatch
     1>c:\users\yehia\documents\visual studio 2013\projects\dig project 2\stattianimp.cpp(380): warning C4018: '<' : signed/unsigned mismatch
     1>c:\users\yehia\documents\visual studio 2013\projects\dig project 2\stattianimp.cpp(391): warning C4244: 'argument' : conversion from 'double' to 'float', possible loss of data
     1>c:\users\yehia\documents\visual studio 2013\projects\dig project 2\stattianimp.cpp(393): warning C4244: 'argument' : conversion from 'double' to 'float', possible loss of data
     1>c:\users\yehia\documents\visual studio 2013\projects\dig project 2\stattianimp.cpp(398): warning C4018: '<' : signed/unsigned mismatch
     1>c:\users\yehia\documents\visual studio 2013\projects\dig project 2\stattianimp.cpp(400): warning C4553: '==' : operator has no effect; did you intend '='?
     1>c:\users\yehia\documents\visual studio 2013\projects\dig project 2\stattianimp.cpp(452): warning C4018: '<' : signed/unsigned mismatch
     1>c:\users\yehia\documents\visual studio 2013\projects\dig project 2\stattianimp.cpp(477): warning C4018: '<' : signed/unsigned mismatch
     1>c:\users\yehia\documents\visual studio 2013\projects\dig project 2\stattianimp.cpp(448): warning C4101: 'intialdelay' : unreferenced local variable
     1>c:\users\yehia\documents\visual studio 2013\projects\dig project 2\stattianimp.cpp(489): warning C4018: '<' : signed/unsigned mismatch
     1>c:\users\yehia\documents\visual studio 2013\projects\dig project 2\stattianimp.cpp(511): warning C4018: '<' : signed/unsigned mismatch
     1>c:\users\yehia\documents\visual studio 2013\projects\dig project 2\stattianimp.cpp(518): warning C4018: '<' : signed/unsigned mismatch
     1>c:\users\yehia\documents\visual studio 2013\projects\dig project 2\stattianimp.cpp(529): warning C4018: '<' : signed/unsigned mismatch
     1>c:\users\yehia\documents\visual studio 2013\projects\dig project 2\stattianimp.cpp(538): warning C4018: '<' : signed/unsigned mismatch
     1>c:\users\yehia\documents\visual studio 2013\projects\dig project 2\stattianimp.cpp(540): warning C4129: '{' : unrecognized character escape sequence
     1>c:\users\yehia\documents\visual studio 2013\projects\dig project 2\stattianimp.cpp(543): warning C4129: '}' : unrecognized character escape sequence
     1>c:\users\yehia\documents\visual studio 2013\projects\dig project 2\stattianimp.cpp(545): warning C4129: '{' : unrecognized character escape sequence
     1>c:\users\yehia\documents\visual studio 2013\projects\dig project 2\stattianimp.cpp(548): warning C4129: '}' : unrecognized character escape sequence
     1>c:\users\yehia\documents\visual studio 2013\projects\dig project 2\stattianimp.cpp(557): warning C4018: '<' : signed/unsigned mismatch
     1>c:\users\yehia\documents\visual studio 2013\projects\dig project 2\stattianimp.cpp(566): warning C4018: '<' : signed/unsigned mismatch
     1>c:\users\yehia\documents\visual studio 2013\projects\dig project 2\stattianimp.cpp(568): warning C4129: '{' : unrecognized character escape sequence
     1>c:\users\yehia\documents\visual studio 2013\projects\dig project 2\stattianimp.cpp(572): warning C4129: '}' : unrecognized character escape sequence
     1>c:\users\yehia\documents\visual studio 2013\projects\dig project 2\stattianimp.cpp(574): warning C4129: '{' : unrecognized character escape sequence
     1>c:\users\yehia\documents\visual studio 2013\projects\dig project 2\stattianimp.cpp(578): warning C4129: '}' : unrecognized character escape sequence
     1>c:\users\yehia\documents\visual studio 2013\projects\dig project 2\stattianimp.cpp(612): warning C4018: '<' : signed/unsigned mismatch
     1>c:\users\yehia\documents\visual studio 2013\projects\dig project 2\stattianimp.cpp(649): warning C4018: '<' : signed/unsigned mismatch
     1>c:\users\yehia\documents\visual studio 2013\projects\dig project 2\stattianimp.cpp(661): warning C4018: '<' : signed/unsigned mismatch
     1>c:\users\yehia\documents\visual studio 2013\projects\dig project 2\stattianimp.cpp(677): warning C4018: '<' : signed/unsigned mismatch
     1>c:\users\yehia\documents\visual studio 2013\projects\dig project 2\stattianimp.cpp(721): warning C4018: '<' : signed/unsigned mismatch
     1>c:\users\yehia\documents\visual studio 2013\projects\dig project 2\stattianimp.cpp(733): warning C4018: '<' : signed/unsigned mismatch
     1>c:\users\yehia\documents\visual studio 2013\projects\dig project 2\stattianimp.cpp(738): warning C4244: 'return' : conversion from 'float' to 'int', possible loss of data
     1>c:\users\yehia\documents\visual studio 2013\projects\dig project 2\stattianimp.cpp(350): warning C4715: 'StaticTiAnalysis::get_index' : not all control paths return a value
     1>c:\users\yehia\documents\visual studio 2013\projects\dig project 2\stattianimp.cpp(672): warning C4715: 'StaticTiAnalysis::GetSkew' : not all control paths return a value
     1>c:\users\yehia\documents\visual studio 2013\projects\dig project 2\stattianimp.cpp(688): warning C4715: 'StaticTiAnalysis::GetWireCap' : not all control paths return a value
     1>c:\users\yehia\documents\visual studio 2013\projects\dig project 2\stattianimp.cpp(743): warning C4715: 'StaticTiAnalysis::GetInputDelay' : not all control paths return a value
       Link:
         C:\Program Files (x86)\Microsoft Visual Studio 12.0\VC\bin\link.exe /ERRORREPORT:PROMPT /OUT:"C:\Users\yehia\Documents\Visual Studio 2013\Projects\dig project 2\Debug\dig project 2.exe" /INCREMENTAL /NOLOGO kernel32.lib user32.lib gdi32.lib winspool.lib comdlg32.lib advapi32.lib shell32.lib ole32.lib oleaut32.lib uuid.lib odbc32.lib odbccp32.lib /MANIFEST /MANIFESTUAC:"level='asInvoker' uiAccess='false'" /manifest:embed /DEBUG /PDB:"C:\Users\yehia\Documents\Visual Studio 2013\Projects\dig project 2\Debug\dig project 2.pdb" /TLBID:1 /DYNAMICBASE /NXCOMPAT /IMPLIB:"C:\Users\yehia\Documents\Visual Studio 2013\Projects\dig project 2\Debug\dig project 2.lib" /MACHINE:X86 Debug\Parser.obj
         Debug\StatTiAnimp.obj
         Debug\testcode.obj
         dig project 2.vcxproj -> C:\Users\yehia\Documents\Visual Studio 2013\Projects\dig project 2\Debug\dig project 2.exe
     1>Done Building Project "C:\Users\yehia\Documents\Visual Studio 2013\Projects\dig project 2\dig project 2.vcxproj" (Build target(s)).

Build succeeded.

Time Elapsed 00:00:05.52
